<?xml version="1.0" encoding="UTF-8"?>
<testsuite name="seedu.address.model.person.PersonTest" tests="3" skipped="0" failures="0" errors="0" timestamp="2018-10-02T04:41:55" hostname="JOYCE" time="0.006">
  <properties/>
  <testcase name="equals" classname="seedu.address.model.person.PersonTest" time="0.001"/>
  <testcase name="asObservableList_modifyList_throwsUnsupportedOperationException" classname="seedu.address.model.person.PersonTest" time="0.001"/>
  <testcase name="isSamePerson" classname="seedu.address.model.person.PersonTest" time="0.002"/>
  <system-out><![CDATA[]]></system-out>
  <system-err><![CDATA[]]></system-err>
</testsuite>
