<?xml version="1.0" encoding="UTF-8"?>
<testsuite name="seedu.address.logic.commands.AddCommandIntegrationTest" tests="2" skipped="0" failures="0" errors="0" timestamp="2018-10-02T04:41:54" hostname="JOYCE" time="0.42">
  <properties/>
  <testcase name="execute_newPerson_success" classname="seedu.address.logic.commands.AddCommandIntegrationTest" time="0.418"/>
  <testcase name="execute_duplicatePerson_throwsCommandException" classname="seedu.address.logic.commands.AddCommandIntegrationTest" time="0.001"/>
  <system-out><![CDATA[]]></system-out>
  <system-err><![CDATA[Oct 02, 2018 12:41:54 PM seedu.address.commons.core.EventsCenter post
INFO: ------[Event Posted] seedu.address.commons.events.model.AddressBookChangedEvent: number of persons 8
Oct 02, 2018 12:41:54 PM seedu.address.commons.core.EventsCenter post
INFO: ------[Event Posted] seedu.address.commons.events.model.AddressBookChangedEvent: number of persons 8
]]></system-err>
</testsuite>
