<?xml version="1.0" encoding="UTF-8"?>
<testsuite name="seedu.address.logic.commands.ClearCommandTest" tests="2" skipped="0" failures="0" errors="0" timestamp="2018-10-02T04:41:54" hostname="JOYCE" time="0.02">
  <properties/>
  <testcase name="execute_emptyAddressBook_success" classname="seedu.address.logic.commands.ClearCommandTest" time="0.005"/>
  <testcase name="execute_nonEmptyAddressBook_success" classname="seedu.address.logic.commands.ClearCommandTest" time="0.013"/>
  <system-out><![CDATA[]]></system-out>
  <system-err><![CDATA[Oct 02, 2018 12:41:54 PM seedu.address.commons.core.EventsCenter post
INFO: ------[Event Posted] seedu.address.commons.events.model.AddressBookChangedEvent: number of persons 0
Oct 02, 2018 12:41:54 PM seedu.address.commons.core.EventsCenter post
INFO: ------[Event Posted] seedu.address.commons.events.model.AddressBookChangedEvent: number of persons 0
Oct 02, 2018 12:41:54 PM seedu.address.commons.core.EventsCenter post
INFO: ------[Event Posted] seedu.address.commons.events.model.AddressBookChangedEvent: number of persons 0
]]></system-err>
</testsuite>
