<?xml version="1.0" encoding="UTF-8"?>
<testsuite name="systemtests.HelpCommandSystemTest" tests="2" skipped="0" failures="0" errors="0" timestamp="2018-10-02T04:43:43" hostname="JOYCE" time="11.417">
  <properties/>
  <testcase name="help_multipleCommands_onlyOneHelpWindowOpen" classname="systemtests.HelpCommandSystemTest" time="3.149"/>
  <testcase name="openHelpWindow" classname="systemtests.HelpCommandSystemTest" time="8.268"/>
  <system-out><![CDATA[]]></system-out>
  <system-err><![CDATA[Oct 02, 2018 12:43:43 PM seedu.address.MainApp init
INFO: =============================[ Initializing GuestList ]===========================
Oct 02, 2018 12:43:43 PM seedu.address.MainApp initConfig
INFO: Using config file : config.json
Oct 02, 2018 12:43:43 PM seedu.address.MainApp initPrefs
INFO: Using prefs file : src\test\data\sandbox\pref_testing.json
Oct 02, 2018 12:43:43 PM seedu.address.commons.core.LogsCenter init
INFO: currentLogLevel: INFO
Oct 02, 2018 12:43:43 PM seedu.address.ui.UiManager start
INFO: Starting UI...
Oct 02, 2018 12:43:43 PM guitests.guihandles.StageHandle focus
INFO: Focusing onTest App
Oct 02, 2018 12:43:43 PM guitests.guihandles.StageHandle focus
INFO: Finishing focus onTest App
Oct 02, 2018 12:43:45 PM guitests.guihandles.StageHandle focus
INFO: Focusing onTest App
Oct 02, 2018 12:43:45 PM guitests.guihandles.StageHandle focus
INFO: Finishing focus onTest App
Oct 02, 2018 12:43:45 PM guitests.guihandles.StageHandle focus
INFO: Focusing onTest App
Oct 02, 2018 12:43:45 PM guitests.guihandles.StageHandle focus
INFO: Finishing focus onTest App
Oct 02, 2018 12:43:46 PM seedu.address.logic.LogicManager execute
INFO: ----------------[USER COMMAND][help]
Oct 02, 2018 12:43:46 PM seedu.address.commons.core.EventsCenter post
INFO: ------[Event Posted] seedu.address.commons.events.ui.ShowHelpRequestEvent: ShowHelpRequestEvent
Oct 02, 2018 12:43:46 PM seedu.address.ui.MainWindow handleShowHelpEvent
INFO: ---[Event handled][ShowHelpRequestEvent]
Oct 02, 2018 12:43:46 PM seedu.address.ui.CommandBox handleCommandEntered
INFO: Result: Opened help window.
Oct 02, 2018 12:43:46 PM seedu.address.commons.core.EventsCenter post
INFO: ------[Event Posted] seedu.address.commons.events.ui.NewResultAvailableEvent: NewResultAvailableEvent
Oct 02, 2018 12:43:46 PM seedu.address.ui.ResultDisplay handleNewResultAvailableEvent
INFO: ---[Event handled][NewResultAvailableEvent]
Oct 02, 2018 12:43:46 PM seedu.address.MainApp init
INFO: =============================[ Initializing GuestList ]===========================
Oct 02, 2018 12:43:46 PM seedu.address.MainApp initConfig
INFO: Using config file : config.json
Oct 02, 2018 12:43:46 PM seedu.address.MainApp initPrefs
INFO: Using prefs file : src\test\data\sandbox\pref_testing.json
Oct 02, 2018 12:43:46 PM seedu.address.commons.core.LogsCenter init
INFO: currentLogLevel: INFO
Oct 02, 2018 12:43:46 PM seedu.address.ui.UiManager start
INFO: Starting UI...
Oct 02, 2018 12:43:46 PM guitests.guihandles.StageHandle focus
INFO: Focusing onTest App
Oct 02, 2018 12:43:47 PM guitests.guihandles.StageHandle focus
INFO: Finishing focus onTest App
Oct 02, 2018 12:43:48 PM guitests.guihandles.StageHandle focus
INFO: Focusing onTest App
Oct 02, 2018 12:43:48 PM guitests.guihandles.StageHandle focus
INFO: Finishing focus onTest App
Oct 02, 2018 12:43:48 PM guitests.guihandles.StageHandle focus
INFO: Focusing onTest App
Oct 02, 2018 12:43:48 PM guitests.guihandles.StageHandle focus
INFO: Finishing focus onTest App
Oct 02, 2018 12:43:49 PM seedu.address.commons.core.EventsCenter post
INFO: ------[Event Posted] seedu.address.commons.events.ui.PersonPanelSelectionChangedEvent: PersonPanelSelectionChangedEvent
Oct 02, 2018 12:43:49 PM seedu.address.ui.BrowserPanel handlePersonPanelSelectionChangedEvent
INFO: ---[Event handled][PersonPanelSelectionChangedEvent]
Oct 02, 2018 12:43:49 PM guitests.guihandles.StageHandle focus
INFO: Focusing onTest App
Oct 02, 2018 12:43:49 PM guitests.guihandles.StageHandle focus
INFO: Finishing focus onTest App
Oct 02, 2018 12:43:51 PM guitests.guihandles.StageHandle focus
INFO: Focusing onTest App
Oct 02, 2018 12:43:51 PM guitests.guihandles.StageHandle focus
INFO: Finishing focus onTest App
Oct 02, 2018 12:43:52 PM seedu.address.logic.LogicManager execute
INFO: ----------------[USER COMMAND][help]
Oct 02, 2018 12:43:52 PM seedu.address.commons.core.EventsCenter post
INFO: ------[Event Posted] seedu.address.commons.events.ui.ShowHelpRequestEvent: ShowHelpRequestEvent
Oct 02, 2018 12:43:52 PM seedu.address.ui.MainWindow handleShowHelpEvent
INFO: ---[Event handled][ShowHelpRequestEvent]
Oct 02, 2018 12:43:52 PM seedu.address.ui.CommandBox handleCommandEntered
INFO: Result: Opened help window.
Oct 02, 2018 12:43:52 PM seedu.address.commons.core.EventsCenter post
INFO: ------[Event Posted] seedu.address.commons.events.ui.NewResultAvailableEvent: NewResultAvailableEvent
Oct 02, 2018 12:43:52 PM seedu.address.ui.ResultDisplay handleNewResultAvailableEvent
INFO: ---[Event handled][NewResultAvailableEvent]
Oct 02, 2018 12:43:52 PM guitests.guihandles.StageHandle focus
INFO: Focusing onTest App
Oct 02, 2018 12:43:52 PM guitests.guihandles.StageHandle focus
INFO: Finishing focus onTest App
Oct 02, 2018 12:43:52 PM seedu.address.logic.LogicManager execute
INFO: ----------------[USER COMMAND][help]
Oct 02, 2018 12:43:52 PM seedu.address.commons.core.EventsCenter post
INFO: ------[Event Posted] seedu.address.commons.events.ui.ShowHelpRequestEvent: ShowHelpRequestEvent
Oct 02, 2018 12:43:52 PM seedu.address.ui.MainWindow handleShowHelpEvent
INFO: ---[Event handled][ShowHelpRequestEvent]
Oct 02, 2018 12:43:52 PM seedu.address.ui.CommandBox handleCommandEntered
INFO: Result: Opened help window.
Oct 02, 2018 12:43:52 PM seedu.address.commons.core.EventsCenter post
INFO: ------[Event Posted] seedu.address.commons.events.ui.NewResultAvailableEvent: NewResultAvailableEvent
Oct 02, 2018 12:43:52 PM seedu.address.ui.ResultDisplay handleNewResultAvailableEvent
INFO: ---[Event handled][NewResultAvailableEvent]
Oct 02, 2018 12:43:52 PM guitests.guihandles.StageHandle focus
INFO: Focusing onTest App
Oct 02, 2018 12:43:53 PM guitests.guihandles.StageHandle focus
INFO: Finishing focus onTest App
Oct 02, 2018 12:43:53 PM seedu.address.logic.LogicManager execute
INFO: ----------------[USER COMMAND][select 1]
Oct 02, 2018 12:43:53 PM seedu.address.commons.core.EventsCenter post
INFO: ------[Event Posted] seedu.address.commons.events.ui.JumpToListRequestEvent: JumpToListRequestEvent
Oct 02, 2018 12:43:53 PM seedu.address.ui.PersonListPanel handleJumpToListRequestEvent
INFO: ---[Event handled][JumpToListRequestEvent]
Oct 02, 2018 12:43:53 PM seedu.address.ui.CommandBox handleCommandEntered
INFO: Result: Selected Person: 1
Oct 02, 2018 12:43:53 PM seedu.address.commons.core.EventsCenter post
INFO: ------[Event Posted] seedu.address.commons.events.ui.NewResultAvailableEvent: NewResultAvailableEvent
Oct 02, 2018 12:43:53 PM seedu.address.ui.ResultDisplay handleNewResultAvailableEvent
INFO: ---[Event handled][NewResultAvailableEvent]
Oct 02, 2018 12:43:53 PM seedu.address.commons.core.EventsCenter post
INFO: ------[Event Posted] seedu.address.commons.events.ui.PersonPanelSelectionChangedEvent: PersonPanelSelectionChangedEvent
Oct 02, 2018 12:43:53 PM seedu.address.ui.BrowserPanel handlePersonPanelSelectionChangedEvent
INFO: ---[Event handled][PersonPanelSelectionChangedEvent]
Oct 02, 2018 12:43:54 PM seedu.address.logic.LogicManager execute
INFO: ----------------[USER COMMAND][delete 1]
Oct 02, 2018 12:43:54 PM seedu.address.commons.core.EventsCenter post
INFO: ------[Event Posted] seedu.address.commons.events.ui.PersonPanelSelectionChangedEvent: PersonPanelSelectionChangedEvent
Oct 02, 2018 12:43:54 PM seedu.address.ui.BrowserPanel handlePersonPanelSelectionChangedEvent
INFO: ---[Event handled][PersonPanelSelectionChangedEvent]
Oct 02, 2018 12:43:54 PM seedu.address.commons.core.EventsCenter post
INFO: ------[Event Posted] seedu.address.commons.events.model.AddressBookChangedEvent: number of persons 6
Oct 02, 2018 12:43:54 PM seedu.address.storage.StorageManager handleAddressBookChangedEvent
INFO: ---[Event handled][number of persons 6]Local data changed, saving to file
Oct 02, 2018 12:43:54 PM seedu.address.ui.StatusBarFooter handleAddressBookChangedEvent
INFO: ---[Event handled][number of persons 6]Setting last updated status to Tue Oct 02 12:43:53 SRET 2018
Oct 02, 2018 12:43:54 PM seedu.address.ui.CommandBox handleCommandEntered
INFO: Result: Deleted Person: Alice Pauline Phone: 94351253 Email: alice@example.com Address: 123, Jurong West Ave 6, #08-111 Tags: [friends]
Oct 02, 2018 12:43:54 PM seedu.address.commons.core.EventsCenter post
INFO: ------[Event Posted] seedu.address.commons.events.ui.NewResultAvailableEvent: NewResultAvailableEvent
Oct 02, 2018 12:43:54 PM seedu.address.ui.ResultDisplay handleNewResultAvailableEvent
INFO: ---[Event handled][NewResultAvailableEvent]
]]></system-err>
</testsuite>
