<?xml version="1.0" encoding="UTF-8"?>
<testsuite name="seedu.address.commons.core.ConfigTest" tests="2" skipped="0" failures="0" errors="0" timestamp="2018-10-02T04:41:51" hostname="JOYCE" time="0.007">
  <properties/>
  <testcase name="equalsMethod" classname="seedu.address.commons.core.ConfigTest" time="0.001"/>
  <testcase name="toString_defaultObject_stringReturned" classname="seedu.address.commons.core.ConfigTest" time="0.006"/>
  <system-out><![CDATA[]]></system-out>
  <system-err><![CDATA[]]></system-err>
</testsuite>
