<?xml version="1.0" encoding="UTF-8"?>
<testsuite name="seedu.address.model.ModelManagerTest" tests="5" skipped="0" failures="0" errors="0" timestamp="2018-10-02T04:41:55" hostname="JOYCE" time="0.01">
  <properties/>
  <testcase name="hasPerson_nullPerson_throwsNullPointerException" classname="seedu.address.model.ModelManagerTest" time="0.001"/>
  <testcase name="hasPerson_personInAddressBook_returnsTrue" classname="seedu.address.model.ModelManagerTest" time="0.002"/>
  <testcase name="equals" classname="seedu.address.model.ModelManagerTest" time="0.002"/>
  <testcase name="hasPerson_personNotInAddressBook_returnsFalse" classname="seedu.address.model.ModelManagerTest" time="0.001"/>
  <testcase name="getFilteredPersonList_modifyList_throwsUnsupportedOperationException" classname="seedu.address.model.ModelManagerTest" time="0.001"/>
  <system-out><![CDATA[]]></system-out>
  <system-err><![CDATA[Oct 02, 2018 12:41:55 PM seedu.address.commons.core.EventsCenter post
INFO: ------[Event Posted] seedu.address.commons.events.model.AddressBookChangedEvent: number of persons 1
]]></system-err>
</testsuite>
