<?xml version="1.0" encoding="UTF-8"?>
<testsuite name="seedu.address.logic.commands.DeleteCommandTest" tests="8" skipped="0" failures="0" errors="0" timestamp="2018-10-02T04:41:54" hostname="JOYCE" time="0.138">
  <properties/>
  <testcase name="executeUndoRedo_validIndexFilteredList_samePersonDeleted" classname="seedu.address.logic.commands.DeleteCommandTest" time="0.052"/>
  <testcase name="equals" classname="seedu.address.logic.commands.DeleteCommandTest" time="0.001"/>
  <testcase name="execute_invalidIndexUnfilteredList_throwsCommandException" classname="seedu.address.logic.commands.DeleteCommandTest" time="0.001"/>
  <testcase name="executeUndoRedo_validIndexUnfilteredList_success" classname="seedu.address.logic.commands.DeleteCommandTest" time="0.039"/>
  <testcase name="execute_validIndexUnfilteredList_success" classname="seedu.address.logic.commands.DeleteCommandTest" time="0.004"/>
  <testcase name="execute_validIndexFilteredList_success" classname="seedu.address.logic.commands.DeleteCommandTest" time="0.011"/>
  <testcase name="executeUndoRedo_invalidIndexUnfilteredList_failure" classname="seedu.address.logic.commands.DeleteCommandTest" time="0.004"/>
  <testcase name="execute_invalidIndexFilteredList_throwsCommandException" classname="seedu.address.logic.commands.DeleteCommandTest" time="0.01"/>
  <system-out><![CDATA[]]></system-out>
  <system-err><![CDATA[Oct 02, 2018 12:41:54 PM seedu.address.commons.core.EventsCenter post
INFO: ------[Event Posted] seedu.address.commons.events.model.AddressBookChangedEvent: number of persons 6
Oct 02, 2018 12:41:54 PM seedu.address.commons.core.EventsCenter post
INFO: ------[Event Posted] seedu.address.commons.events.model.AddressBookChangedEvent: number of persons 6
Oct 02, 2018 12:41:54 PM seedu.address.commons.core.EventsCenter post
INFO: ------[Event Posted] seedu.address.commons.events.model.AddressBookChangedEvent: number of persons 7
Oct 02, 2018 12:41:54 PM seedu.address.commons.core.EventsCenter post
INFO: ------[Event Posted] seedu.address.commons.events.model.AddressBookChangedEvent: number of persons 7
Oct 02, 2018 12:41:54 PM seedu.address.commons.core.EventsCenter post
INFO: ------[Event Posted] seedu.address.commons.events.model.AddressBookChangedEvent: number of persons 6
Oct 02, 2018 12:41:54 PM seedu.address.commons.core.EventsCenter post
INFO: ------[Event Posted] seedu.address.commons.events.model.AddressBookChangedEvent: number of persons 6
Oct 02, 2018 12:41:54 PM seedu.address.commons.core.EventsCenter post
INFO: ------[Event Posted] seedu.address.commons.events.model.AddressBookChangedEvent: number of persons 6
Oct 02, 2018 12:41:54 PM seedu.address.commons.core.EventsCenter post
INFO: ------[Event Posted] seedu.address.commons.events.model.AddressBookChangedEvent: number of persons 6
Oct 02, 2018 12:41:54 PM seedu.address.commons.core.EventsCenter post
INFO: ------[Event Posted] seedu.address.commons.events.model.AddressBookChangedEvent: number of persons 7
Oct 02, 2018 12:41:54 PM seedu.address.commons.core.EventsCenter post
INFO: ------[Event Posted] seedu.address.commons.events.model.AddressBookChangedEvent: number of persons 7
Oct 02, 2018 12:41:54 PM seedu.address.commons.core.EventsCenter post
INFO: ------[Event Posted] seedu.address.commons.events.model.AddressBookChangedEvent: number of persons 6
Oct 02, 2018 12:41:54 PM seedu.address.commons.core.EventsCenter post
INFO: ------[Event Posted] seedu.address.commons.events.model.AddressBookChangedEvent: number of persons 6
Oct 02, 2018 12:41:54 PM seedu.address.commons.core.EventsCenter post
INFO: ------[Event Posted] seedu.address.commons.events.model.AddressBookChangedEvent: number of persons 6
Oct 02, 2018 12:41:54 PM seedu.address.commons.core.EventsCenter post
INFO: ------[Event Posted] seedu.address.commons.events.model.AddressBookChangedEvent: number of persons 6
Oct 02, 2018 12:41:54 PM seedu.address.commons.core.EventsCenter post
INFO: ------[Event Posted] seedu.address.commons.events.model.AddressBookChangedEvent: number of persons 6
Oct 02, 2018 12:41:54 PM seedu.address.commons.core.EventsCenter post
INFO: ------[Event Posted] seedu.address.commons.events.model.AddressBookChangedEvent: number of persons 6
]]></system-err>
</testsuite>
