<?xml version="1.0" encoding="UTF-8"?>
<testsuite name="seedu.address.model.person.AddressTest" tests="3" skipped="0" failures="0" errors="0" timestamp="2018-10-02T04:41:55" hostname="JOYCE" time="0.005">
  <properties/>
  <testcase name="constructor_null_throwsNullPointerException" classname="seedu.address.model.person.AddressTest" time="0.001"/>
  <testcase name="isValidAddress" classname="seedu.address.model.person.AddressTest" time="0.001"/>
  <testcase name="constructor_invalidAddress_throwsIllegalArgumentException" classname="seedu.address.model.person.AddressTest" time="0.001"/>
  <system-out><![CDATA[]]></system-out>
  <system-err><![CDATA[]]></system-err>
</testsuite>
