<?xml version="1.0" encoding="UTF-8"?>
<testsuite name="seedu.address.logic.commands.SelectCommandTest" tests="5" skipped="0" failures="0" errors="0" timestamp="2018-10-02T04:41:55" hostname="JOYCE" time="0.021">
  <properties/>
  <testcase name="execute_invalidIndexUnfilteredList_failure" classname="seedu.address.logic.commands.SelectCommandTest" time="0.001"/>
  <testcase name="equals" classname="seedu.address.logic.commands.SelectCommandTest" time="0.001"/>
  <testcase name="execute_invalidIndexFilteredList_failure" classname="seedu.address.logic.commands.SelectCommandTest" time="0.001"/>
  <testcase name="execute_validIndexUnfilteredList_success" classname="seedu.address.logic.commands.SelectCommandTest" time="0.008"/>
  <testcase name="execute_validIndexFilteredList_success" classname="seedu.address.logic.commands.SelectCommandTest" time="0.003"/>
  <system-out><![CDATA[]]></system-out>
  <system-err><![CDATA[Oct 02, 2018 12:41:55 PM seedu.address.commons.core.EventsCenter post
INFO: ------[Event Posted] seedu.address.commons.events.ui.JumpToListRequestEvent: JumpToListRequestEvent
Oct 02, 2018 12:41:55 PM seedu.address.commons.core.EventsCenter post
INFO: ------[Event Posted] seedu.address.commons.events.ui.JumpToListRequestEvent: JumpToListRequestEvent
Oct 02, 2018 12:41:55 PM seedu.address.commons.core.EventsCenter post
INFO: ------[Event Posted] seedu.address.commons.events.ui.JumpToListRequestEvent: JumpToListRequestEvent
Oct 02, 2018 12:41:55 PM seedu.address.commons.core.EventsCenter post
INFO: ------[Event Posted] seedu.address.commons.events.ui.JumpToListRequestEvent: JumpToListRequestEvent
]]></system-err>
</testsuite>
