<?xml version="1.0" encoding="UTF-8"?>
<testsuite name="seedu.address.logic.ListElementPointerTest" tests="5" skipped="0" failures="0" errors="0" timestamp="2018-10-02T04:41:55" hostname="JOYCE" time="0.007">
  <properties/>
  <testcase name="emptyList" classname="seedu.address.logic.ListElementPointerTest" time="0.005"/>
  <testcase name="equals" classname="seedu.address.logic.ListElementPointerTest" time="0.0"/>
  <testcase name="constructor_defensiveCopy_backingListUnmodified" classname="seedu.address.logic.ListElementPointerTest" time="0.0"/>
  <testcase name="multipleElementsList" classname="seedu.address.logic.ListElementPointerTest" time="0.0"/>
  <testcase name="singleElementList" classname="seedu.address.logic.ListElementPointerTest" time="0.0"/>
  <system-out><![CDATA[]]></system-out>
  <system-err><![CDATA[]]></system-err>
</testsuite>
