<?xml version="1.0" encoding="UTF-8"?>
<testsuite name="seedu.address.ui.PersonCardTest" tests="2" skipped="0" failures="0" errors="0" timestamp="2018-10-02T04:42:12" hostname="JOYCE" time="0.789">
  <properties/>
  <testcase name="equals" classname="seedu.address.ui.PersonCardTest" time="0.252"/>
  <testcase name="display" classname="seedu.address.ui.PersonCardTest" time="0.536"/>
  <system-out><![CDATA[]]></system-out>
  <system-err><![CDATA[]]></system-err>
</testsuite>
