<?xml version="1.0" encoding="UTF-8"?>
<testsuite name="seedu.address.model.person.NameContainsKeywordsPredicateTest" tests="3" skipped="0" failures="0" errors="0" timestamp="2018-10-02T04:41:55" hostname="JOYCE" time="0.003">
  <properties/>
  <testcase name="equals" classname="seedu.address.model.person.NameContainsKeywordsPredicateTest" time="0.0"/>
  <testcase name="test_nameContainsKeywords_returnsTrue" classname="seedu.address.model.person.NameContainsKeywordsPredicateTest" time="0.001"/>
  <testcase name="test_nameDoesNotContainKeywords_returnsFalse" classname="seedu.address.model.person.NameContainsKeywordsPredicateTest" time="0.001"/>
  <system-out><![CDATA[]]></system-out>
  <system-err><![CDATA[]]></system-err>
</testsuite>
