<?xml version="1.0" encoding="UTF-8"?>
<testsuite name="seedu.address.logic.commands.ListCommandTest" tests="2" skipped="0" failures="0" errors="0" timestamp="2018-10-02T04:41:55" hostname="JOYCE" time="0.004">
  <properties/>
  <testcase name="execute_listIsFiltered_showsEverything" classname="seedu.address.logic.commands.ListCommandTest" time="0.002"/>
  <testcase name="execute_listIsNotFiltered_showsSameList" classname="seedu.address.logic.commands.ListCommandTest" time="0.001"/>
  <system-out><![CDATA[]]></system-out>
  <system-err><![CDATA[]]></system-err>
</testsuite>
