<?xml version="1.0" encoding="UTF-8"?>
<testsuite name="seedu.address.logic.commands.ExitCommandTest" tests="1" skipped="0" failures="0" errors="0" timestamp="2018-10-02T04:41:55" hostname="JOYCE" time="0.007">
  <properties/>
  <testcase name="execute_exit_success" classname="seedu.address.logic.commands.ExitCommandTest" time="0.007"/>
  <system-out><![CDATA[]]></system-out>
  <system-err><![CDATA[Oct 02, 2018 12:41:55 PM seedu.address.commons.core.EventsCenter post
INFO: ------[Event Posted] seedu.address.commons.events.ui.ExitAppRequestEvent: ExitAppRequestEvent
]]></system-err>
</testsuite>
