<?xml version="1.0" encoding="UTF-8"?>
<testsuite name="seedu.address.commons.util.FileUtilTest" tests="1" skipped="0" failures="0" errors="0" timestamp="2018-10-02T04:41:53" hostname="JOYCE" time="0.001">
  <properties/>
  <testcase name="isValidPath" classname="seedu.address.commons.util.FileUtilTest" time="0.001"/>
  <system-out><![CDATA[]]></system-out>
  <system-err><![CDATA[]]></system-err>
</testsuite>
