<?xml version="1.0" encoding="UTF-8"?>
<testsuite name="seedu.address.commons.core.index.IndexTest" tests="3" skipped="0" failures="0" errors="0" timestamp="2018-10-02T04:41:51" hostname="JOYCE" time="0.003">
  <properties/>
  <testcase name="equals" classname="seedu.address.commons.core.index.IndexTest" time="0.0"/>
  <testcase name="createZeroBasedIndex" classname="seedu.address.commons.core.index.IndexTest" time="0.0"/>
  <testcase name="createOneBasedIndex" classname="seedu.address.commons.core.index.IndexTest" time="0.001"/>
  <system-out><![CDATA[]]></system-out>
  <system-err><![CDATA[]]></system-err>
</testsuite>
