<?xml version="1.0" encoding="UTF-8"?>
<testsuite name="seedu.address.storage.StorageManagerTest" tests="4" skipped="0" failures="0" errors="0" timestamp="2018-10-02T04:41:55" hostname="JOYCE" time="0.158">
  <properties/>
  <testcase name="addressBookReadSave" classname="seedu.address.storage.StorageManagerTest" time="0.109"/>
  <testcase name="handleAddressBookChangedEvent_exceptionThrown_eventRaised" classname="seedu.address.storage.StorageManagerTest" time="0.033"/>
  <testcase name="prefsReadSave" classname="seedu.address.storage.StorageManagerTest" time="0.011"/>
  <testcase name="getAddressBookFilePath" classname="seedu.address.storage.StorageManagerTest" time="0.003"/>
  <system-out><![CDATA[]]></system-out>
  <system-err><![CDATA[Oct 02, 2018 12:41:55 PM seedu.address.storage.StorageManager handleAddressBookChangedEvent
INFO: ---[Event handled][number of persons 0]Local data changed, saving to file
Oct 02, 2018 12:41:56 PM seedu.address.commons.core.EventsCenter post
INFO: ------[Event Posted] seedu.address.commons.events.storage.DataSavingExceptionEvent: java.io.IOException: dummy exception
]]></system-err>
</testsuite>
