<?xml version="1.0" encoding="UTF-8"?>
<testsuite name="systemtests.ClearCommandSystemTest" tests="1" skipped="0" failures="0" errors="0" timestamp="2018-10-02T04:42:48" hostname="JOYCE" time="6.496">
  <properties/>
  <testcase name="clear" classname="systemtests.ClearCommandSystemTest" time="6.496"/>
  <system-out><![CDATA[]]></system-out>
  <system-err><![CDATA[Oct 02, 2018 12:42:48 PM seedu.address.MainApp init
INFO: =============================[ Initializing GuestList ]===========================
Oct 02, 2018 12:42:48 PM seedu.address.MainApp initConfig
INFO: Using config file : config.json
Oct 02, 2018 12:42:48 PM seedu.address.MainApp initPrefs
INFO: Using prefs file : src\test\data\sandbox\pref_testing.json
Oct 02, 2018 12:42:48 PM seedu.address.commons.core.LogsCenter init
INFO: currentLogLevel: INFO
Oct 02, 2018 12:42:48 PM seedu.address.ui.UiManager start
INFO: Starting UI...
Oct 02, 2018 12:42:49 PM guitests.guihandles.StageHandle focus
INFO: Focusing onTest App
Oct 02, 2018 12:42:49 PM guitests.guihandles.StageHandle focus
INFO: Finishing focus onTest App
Oct 02, 2018 12:42:50 PM seedu.address.logic.LogicManager execute
INFO: ----------------[USER COMMAND][   clear ab12   ]
Oct 02, 2018 12:42:50 PM seedu.address.commons.core.EventsCenter post
INFO: ------[Event Posted] seedu.address.commons.events.model.AddressBookChangedEvent: number of persons 0
Oct 02, 2018 12:42:50 PM seedu.address.storage.StorageManager handleAddressBookChangedEvent
INFO: ---[Event handled][number of persons 0]Local data changed, saving to file
Oct 02, 2018 12:42:50 PM seedu.address.ui.StatusBarFooter handleAddressBookChangedEvent
INFO: ---[Event handled][number of persons 0]Setting last updated status to Tue Oct 02 12:42:49 SRET 2018
Oct 02, 2018 12:42:50 PM seedu.address.ui.CommandBox handleCommandEntered
INFO: Result: Address book has been cleared!
Oct 02, 2018 12:42:50 PM seedu.address.commons.core.EventsCenter post
INFO: ------[Event Posted] seedu.address.commons.events.ui.NewResultAvailableEvent: NewResultAvailableEvent
Oct 02, 2018 12:42:50 PM seedu.address.ui.ResultDisplay handleNewResultAvailableEvent
INFO: ---[Event handled][NewResultAvailableEvent]
Oct 02, 2018 12:42:50 PM seedu.address.logic.LogicManager execute
INFO: ----------------[USER COMMAND][undo]
Oct 02, 2018 12:42:50 PM seedu.address.commons.core.EventsCenter post
INFO: ------[Event Posted] seedu.address.commons.events.model.AddressBookChangedEvent: number of persons 7
Oct 02, 2018 12:42:50 PM seedu.address.storage.StorageManager handleAddressBookChangedEvent
INFO: ---[Event handled][number of persons 7]Local data changed, saving to file
Oct 02, 2018 12:42:50 PM seedu.address.ui.StatusBarFooter handleAddressBookChangedEvent
INFO: ---[Event handled][number of persons 7]Setting last updated status to Tue Oct 02 12:42:50 SRET 2018
Oct 02, 2018 12:42:50 PM seedu.address.ui.CommandBox handleCommandEntered
INFO: Result: Undo success!
Oct 02, 2018 12:42:50 PM seedu.address.commons.core.EventsCenter post
INFO: ------[Event Posted] seedu.address.commons.events.ui.NewResultAvailableEvent: NewResultAvailableEvent
Oct 02, 2018 12:42:50 PM seedu.address.ui.ResultDisplay handleNewResultAvailableEvent
INFO: ---[Event handled][NewResultAvailableEvent]
Oct 02, 2018 12:42:51 PM seedu.address.logic.LogicManager execute
INFO: ----------------[USER COMMAND][redo]
Oct 02, 2018 12:42:51 PM seedu.address.commons.core.EventsCenter post
INFO: ------[Event Posted] seedu.address.commons.events.model.AddressBookChangedEvent: number of persons 0
Oct 02, 2018 12:42:51 PM seedu.address.storage.StorageManager handleAddressBookChangedEvent
INFO: ---[Event handled][number of persons 0]Local data changed, saving to file
Oct 02, 2018 12:42:51 PM seedu.address.ui.StatusBarFooter handleAddressBookChangedEvent
INFO: ---[Event handled][number of persons 0]Setting last updated status to Tue Oct 02 12:42:51 SRET 2018
Oct 02, 2018 12:42:51 PM seedu.address.ui.CommandBox handleCommandEntered
INFO: Result: Redo success!
Oct 02, 2018 12:42:51 PM seedu.address.commons.core.EventsCenter post
INFO: ------[Event Posted] seedu.address.commons.events.ui.NewResultAvailableEvent: NewResultAvailableEvent
Oct 02, 2018 12:42:51 PM seedu.address.ui.ResultDisplay handleNewResultAvailableEvent
INFO: ---[Event handled][NewResultAvailableEvent]
Oct 02, 2018 12:42:51 PM seedu.address.logic.LogicManager execute
INFO: ----------------[USER COMMAND][undo]
Oct 02, 2018 12:42:51 PM seedu.address.commons.core.EventsCenter post
INFO: ------[Event Posted] seedu.address.commons.events.model.AddressBookChangedEvent: number of persons 7
Oct 02, 2018 12:42:51 PM seedu.address.storage.StorageManager handleAddressBookChangedEvent
INFO: ---[Event handled][number of persons 7]Local data changed, saving to file
Oct 02, 2018 12:42:51 PM seedu.address.ui.StatusBarFooter handleAddressBookChangedEvent
INFO: ---[Event handled][number of persons 7]Setting last updated status to Tue Oct 02 12:42:51 SRET 2018
Oct 02, 2018 12:42:51 PM seedu.address.ui.CommandBox handleCommandEntered
INFO: Result: Undo success!
Oct 02, 2018 12:42:51 PM seedu.address.commons.core.EventsCenter post
INFO: ------[Event Posted] seedu.address.commons.events.ui.NewResultAvailableEvent: NewResultAvailableEvent
Oct 02, 2018 12:42:51 PM seedu.address.ui.ResultDisplay handleNewResultAvailableEvent
INFO: ---[Event handled][NewResultAvailableEvent]
Oct 02, 2018 12:42:52 PM seedu.address.logic.LogicManager execute
INFO: ----------------[USER COMMAND][select 1]
Oct 02, 2018 12:42:52 PM seedu.address.commons.core.EventsCenter post
INFO: ------[Event Posted] seedu.address.commons.events.ui.JumpToListRequestEvent: JumpToListRequestEvent
Oct 02, 2018 12:42:52 PM seedu.address.ui.PersonListPanel handleJumpToListRequestEvent
INFO: ---[Event handled][JumpToListRequestEvent]
Oct 02, 2018 12:42:52 PM seedu.address.ui.CommandBox handleCommandEntered
INFO: Result: Selected Person: 1
Oct 02, 2018 12:42:52 PM seedu.address.commons.core.EventsCenter post
INFO: ------[Event Posted] seedu.address.commons.events.ui.NewResultAvailableEvent: NewResultAvailableEvent
Oct 02, 2018 12:42:52 PM seedu.address.ui.ResultDisplay handleNewResultAvailableEvent
INFO: ---[Event handled][NewResultAvailableEvent]
Oct 02, 2018 12:42:52 PM seedu.address.commons.core.EventsCenter post
INFO: ------[Event Posted] seedu.address.commons.events.ui.PersonPanelSelectionChangedEvent: PersonPanelSelectionChangedEvent
Oct 02, 2018 12:42:52 PM seedu.address.ui.BrowserPanel handlePersonPanelSelectionChangedEvent
INFO: ---[Event handled][PersonPanelSelectionChangedEvent]
Oct 02, 2018 12:42:52 PM seedu.address.logic.LogicManager execute
INFO: ----------------[USER COMMAND][clear]
Oct 02, 2018 12:42:52 PM seedu.address.commons.core.EventsCenter post
INFO: ------[Event Posted] seedu.address.commons.events.model.AddressBookChangedEvent: number of persons 0
Oct 02, 2018 12:42:52 PM seedu.address.storage.StorageManager handleAddressBookChangedEvent
INFO: ---[Event handled][number of persons 0]Local data changed, saving to file
Oct 02, 2018 12:42:52 PM seedu.address.ui.StatusBarFooter handleAddressBookChangedEvent
INFO: ---[Event handled][number of persons 0]Setting last updated status to Tue Oct 02 12:42:52 SRET 2018
Oct 02, 2018 12:42:52 PM seedu.address.ui.CommandBox handleCommandEntered
INFO: Result: Address book has been cleared!
Oct 02, 2018 12:42:52 PM seedu.address.commons.core.EventsCenter post
INFO: ------[Event Posted] seedu.address.commons.events.ui.NewResultAvailableEvent: NewResultAvailableEvent
Oct 02, 2018 12:42:52 PM seedu.address.ui.ResultDisplay handleNewResultAvailableEvent
INFO: ---[Event handled][NewResultAvailableEvent]
Oct 02, 2018 12:42:53 PM seedu.address.logic.LogicManager execute
INFO: ----------------[USER COMMAND][undo]
Oct 02, 2018 12:42:53 PM seedu.address.commons.core.EventsCenter post
INFO: ------[Event Posted] seedu.address.commons.events.model.AddressBookChangedEvent: number of persons 7
Oct 02, 2018 12:42:53 PM seedu.address.storage.StorageManager handleAddressBookChangedEvent
INFO: ---[Event handled][number of persons 7]Local data changed, saving to file
Oct 02, 2018 12:42:53 PM seedu.address.ui.StatusBarFooter handleAddressBookChangedEvent
INFO: ---[Event handled][number of persons 7]Setting last updated status to Tue Oct 02 12:42:52 SRET 2018
Oct 02, 2018 12:42:53 PM seedu.address.ui.CommandBox handleCommandEntered
INFO: Result: Undo success!
Oct 02, 2018 12:42:53 PM seedu.address.commons.core.EventsCenter post
INFO: ------[Event Posted] seedu.address.commons.events.ui.NewResultAvailableEvent: NewResultAvailableEvent
Oct 02, 2018 12:42:53 PM seedu.address.ui.ResultDisplay handleNewResultAvailableEvent
INFO: ---[Event handled][NewResultAvailableEvent]
Oct 02, 2018 12:42:53 PM seedu.address.logic.LogicManager execute
INFO: ----------------[USER COMMAND][find Meier]
Oct 02, 2018 12:42:53 PM seedu.address.ui.CommandBox handleCommandEntered
INFO: Result: 2 persons listed!
Oct 02, 2018 12:42:53 PM seedu.address.commons.core.EventsCenter post
INFO: ------[Event Posted] seedu.address.commons.events.ui.NewResultAvailableEvent: NewResultAvailableEvent
Oct 02, 2018 12:42:53 PM seedu.address.ui.ResultDisplay handleNewResultAvailableEvent
INFO: ---[Event handled][NewResultAvailableEvent]
Oct 02, 2018 12:42:54 PM seedu.address.logic.LogicManager execute
INFO: ----------------[USER COMMAND][clear]
Oct 02, 2018 12:42:54 PM seedu.address.commons.core.EventsCenter post
INFO: ------[Event Posted] seedu.address.commons.events.model.AddressBookChangedEvent: number of persons 0
Oct 02, 2018 12:42:54 PM seedu.address.storage.StorageManager handleAddressBookChangedEvent
INFO: ---[Event handled][number of persons 0]Local data changed, saving to file
Oct 02, 2018 12:42:54 PM seedu.address.ui.StatusBarFooter handleAddressBookChangedEvent
INFO: ---[Event handled][number of persons 0]Setting last updated status to Tue Oct 02 12:42:54 SRET 2018
Oct 02, 2018 12:42:54 PM seedu.address.ui.CommandBox handleCommandEntered
INFO: Result: Address book has been cleared!
Oct 02, 2018 12:42:54 PM seedu.address.commons.core.EventsCenter post
INFO: ------[Event Posted] seedu.address.commons.events.ui.NewResultAvailableEvent: NewResultAvailableEvent
Oct 02, 2018 12:42:54 PM seedu.address.ui.ResultDisplay handleNewResultAvailableEvent
INFO: ---[Event handled][NewResultAvailableEvent]
Oct 02, 2018 12:42:54 PM seedu.address.logic.LogicManager execute
INFO: ----------------[USER COMMAND][clear]
Oct 02, 2018 12:42:54 PM seedu.address.commons.core.EventsCenter post
INFO: ------[Event Posted] seedu.address.commons.events.model.AddressBookChangedEvent: number of persons 0
Oct 02, 2018 12:42:54 PM seedu.address.storage.StorageManager handleAddressBookChangedEvent
INFO: ---[Event handled][number of persons 0]Local data changed, saving to file
Oct 02, 2018 12:42:54 PM seedu.address.ui.StatusBarFooter handleAddressBookChangedEvent
INFO: ---[Event handled][number of persons 0]Setting last updated status to Tue Oct 02 12:42:54 SRET 2018
Oct 02, 2018 12:42:54 PM seedu.address.ui.CommandBox handleCommandEntered
INFO: Result: Address book has been cleared!
Oct 02, 2018 12:42:54 PM seedu.address.commons.core.EventsCenter post
INFO: ------[Event Posted] seedu.address.commons.events.ui.NewResultAvailableEvent: NewResultAvailableEvent
Oct 02, 2018 12:42:54 PM seedu.address.ui.ResultDisplay handleNewResultAvailableEvent
INFO: ---[Event handled][NewResultAvailableEvent]
Oct 02, 2018 12:42:54 PM seedu.address.logic.LogicManager execute
INFO: ----------------[USER COMMAND][ClEaR]
Oct 02, 2018 12:42:54 PM seedu.address.ui.CommandBox handleCommandEntered
INFO: Invalid command: ClEaR
Oct 02, 2018 12:42:54 PM seedu.address.commons.core.EventsCenter post
INFO: ------[Event Posted] seedu.address.commons.events.ui.NewResultAvailableEvent: NewResultAvailableEvent
Oct 02, 2018 12:42:54 PM seedu.address.ui.ResultDisplay handleNewResultAvailableEvent
INFO: ---[Event handled][NewResultAvailableEvent]
]]></system-err>
</testsuite>
